0 info it worked if it ends with ok
1 verbose cli [
1 verbose cli   '/var/jenkins_home/tools/jenkins.plugins.nodejs.tools.NodeJSInstallation/node/bin/node',
1 verbose cli   '/var/jenkins_home/tools/jenkins.plugins.nodejs.tools.NodeJSInstallation/node/bin/npm',
1 verbose cli   'run',
1 verbose cli   'build:prod'
1 verbose cli ]
2 info using npm@6.14.4
3 info using node@v14.2.0
4 verbose run-script [ 'prebuild:prod', 'build:prod', 'postbuild:prod' ]
5 info lifecycle ruoyi@3.1.0~prebuild:prod: ruoyi@3.1.0
6 info lifecycle ruoyi@3.1.0~build:prod: ruoyi@3.1.0
7 verbose lifecycle ruoyi@3.1.0~build:prod: unsafe-perm in lifecycle true
8 verbose lifecycle ruoyi@3.1.0~build:prod: PATH: /var/jenkins_home/tools/jenkins.plugins.nodejs.tools.NodeJSInstallation/node/lib/node_modules/npm/node_modules/npm-lifecycle/node-gyp-bin:/var/jenkins_home/workspace/test_vue_all_in_one/node_modules/.bin:/var/jenkins_home/tools/jenkins.plugins.nodejs.tools.NodeJSInstallation/node/bin:/opt/java/openjdk/bin:/usr/local/sbin:/usr/local/bin:/usr/sbin:/usr/bin:/sbin:/bin:/opt/java/openjdk/bin/java
9 verbose lifecycle ruoyi@3.1.0~build:prod: CWD: /var/jenkins_home/workspace/test_vue_all_in_one
10 silly lifecycle ruoyi@3.1.0~build:prod: Args: [ '-c', 'vue-cli-service build' ]
11 info lifecycle ruoyi@3.1.0~build:prod: Failed to exec build:prod script
12 verbose stack Error: ruoyi@3.1.0 build:prod: `vue-cli-service build`
12 verbose stack spawn ENOENT
12 verbose stack     at ChildProcess.<anonymous> (/var/jenkins_home/tools/jenkins.plugins.nodejs.tools.NodeJSInstallation/node/lib/node_modules/npm/node_modules/npm-lifecycle/lib/spawn.js:48:18)
12 verbose stack     at ChildProcess.emit (events.js:315:20)
12 verbose stack     at maybeClose (internal/child_process.js:1051:16)
12 verbose stack     at Process.ChildProcess._handle.onexit (internal/child_process.js:287:5)
13 verbose pkgid ruoyi@3.1.0
14 verbose cwd /var/jenkins_home/workspace/test_vue_all_in_one
15 verbose Linux 5.10.104-linuxkit
16 verbose argv "/var/jenkins_home/tools/jenkins.plugins.nodejs.tools.NodeJSInstallation/node/bin/node" "/var/jenkins_home/tools/jenkins.plugins.nodejs.tools.NodeJSInstallation/node/bin/npm" "run" "build:prod"
17 verbose node v14.2.0
18 verbose npm  v6.14.4
19 error code ELIFECYCLE
20 error syscall spawn
21 error file sh
22 error errno ENOENT
23 error ruoyi@3.1.0 build:prod: `vue-cli-service build`
23 error spawn ENOENT
24 error Failed at the ruoyi@3.1.0 build:prod script.
24 error This is probably not a problem with npm. There is likely additional logging output above.
25 verbose exit [ 1, true ]
